#
# There is insufficient memory for the Java Runtime Environment to continue.
# Native memory allocation (mmap) failed to map 532676608 bytes for G1 virtual space
# Possible reasons:
#   The system is out of physical RAM or swap space
#   The process is running with CompressedOops enabled, and the Java Heap may be blocking the growth of the native heap
# Possible solutions:
#   Reduce memory load on the system
#   Increase physical memory or swap space
#   Check if swap backing store is full
#   Decrease Java heap size (-Xmx/-Xms)
#   Decrease number of Java threads
#   Decrease Java thread stack sizes (-Xss)
#   Set larger code cache with -XX:ReservedCodeCacheSize=
#   JVM is running with Zero Based Compressed Oops mode in which the Java heap is
#     placed in the first 32GB address space. The Java Heap base address is the
#     maximum limit for the native heap growth. Please use -XX:HeapBaseMinAddress
#     to set the Java Heap base and to place the Java Heap above 32GB virtual address.
# This output file may be truncated or incomplete.
#
#  Out of Memory Error (os_windows.cpp:3557), pid=175324, tid=175364
#
# JRE version:  (17.0.6+10) (build )
# Java VM: OpenJDK 64-Bit Server VM (17.0.6+10, mixed mode, sharing, tiered, compressed oops, compressed class ptrs, g1 gc, windows-amd64)
# No core dump will be written. Minidumps are not enabled by default on client versions of Windows
#

---------------  S U M M A R Y ------------

Command Line: -Dfile.encoding=UTF-8 -XX:+ShowCodeDetailsInExceptionMessages hw2.ControlFlow_2

Host: 12th Gen Intel(R) Core(TM) i7-1260P, 16 cores, 31G,  Windows 11 , 64 bit Build 22621 (10.0.22621.3374)
Time: Mon Apr 29 19:12:36 2024  Windows 11 , 64 bit Build 22621 (10.0.22621.3374) elapsed time: 0.011728 seconds (0d 0h 0m 0s)

---------------  T H R E A D  ---------------

Current thread (0x000001f167bfbf80):  JavaThread "Unknown thread" [_thread_in_vm, id=175364, stack(0x0000006c3bb00000,0x0000006c3bc00000)]

Stack: [0x0000006c3bb00000,0x0000006c3bc00000]
Native frames: (J=compiled Java code, j=interpreted, Vv=VM code, C=native code)
V  [jvm.dll+0x67741a]
V  [jvm.dll+0x834434]
V  [jvm.dll+0x835bde]
V  [jvm.dll+0x836243]
V  [jvm.dll+0x2457b5]
V  [jvm.dll+0x674329]
V  [jvm.dll+0x6689da]
V  [jvm.dll+0x30489b]
V  [jvm.dll+0x30bd96]
V  [jvm.dll+0x35b57e]
V  [jvm.dll+0x35b7af]
V  [jvm.dll+0x2db778]
V  [jvm.dll+0x2dc6e4]
V  [jvm.dll+0x806131]
V  [jvm.dll+0x369331]
V  [jvm.dll+0x7e56ac]
V  [jvm.dll+0x3eb35f]
V  [jvm.dll+0x3ecea1]
C  [jli.dll+0x5267]
C  [ucrtbase.dll+0x29333]
C  [KERNEL32.DLL+0x1257d]
C  [ntdll.dll+0x5aa48]


---------------  P R O C E S S  ---------------

Threads class SMR info:
_java_thread_list=0x00007ff9bd5f5fd8, length=0, elements={
}

Java Threads: ( => current thread )

Other Threads:
  0x000001f167caa890 GCTaskThread "GC Thread#0" [stack: 0x0000006c3bc00000,0x0000006c3bd00000] [id=175368]
  0x000001f167cbb4a0 ConcurrentGCThread "G1 Main Marker" [stack: 0x0000006c3bd00000,0x0000006c3be00000] [id=175372]
  0x000001f167cbc560 ConcurrentGCThread "G1 Conc#0" [stack: 0x0000006c3be00000,0x0000006c3bf00000] [id=175376]

[error occurred during error reporting (printing all threads), id 0xc0000005, EXCEPTION_ACCESS_VIOLATION (0xc0000005) at pc=0x00007ff9bcdcc1e7]

VM state: not at safepoint (not fully initialized)

VM Mutex/Monitor currently owned by a thread:  ([mutex/lock_event])
[0x000001f167bf8450] Heap_lock - owner thread: 0x000001f167bfbf80

Heap address: 0x0000000604800000, size: 8120 MB, Compressed Oops mode: Zero based, Oop shift amount: 3

CDS archive(s) mapped at: [0x0000000000000000-0x0000000000000000-0x0000000000000000), size 0, SharedBaseAddress: 0x0000000800000000, ArchiveRelocationMode: 0.
Narrow klass base: 0x0000000000000000, Narrow klass shift: 0, Narrow klass range: 0x0

GC Precious Log:
<Empty>

Heap:
 garbage-first heap   total 0K, used 0K [0x0000000604800000, 0x0000000800000000)
  region size 4096K, 0 young (0K), 0 survivors (0K)

[error occurred during error reporting (printing heap information), id 0xc0000005, EXCEPTION_ACCESS_VIOLATION (0xc0000005) at pc=0x00007ff9bd1b06f9]

GC Heap History (0 events):
No events

Dll operation events (1 events):
Event: 0.007 Loaded shared library C:\eclipse\plugins\org.eclipse.justj.openjdk.hotspot.jre.full.win32.x86_64_17.0.6.v20230204-1729\jre\bin\java.dll

Deoptimization events (0 events):
No events

Classes unloaded (0 events):
No events

Classes redefined (0 events):
No events

Internal exceptions (0 events):
No events

VM Operations (0 events):
No events

Events (0 events):
No events


Dynamic libraries:
0x00007ff75bd80000 - 0x00007ff75bd8e000 	C:\eclipse\plugins\org.eclipse.justj.openjdk.hotspot.jre.full.win32.x86_64_17.0.6.v20230204-1729\jre\bin\javaw.exe
0x00007ffa40230000 - 0x00007ffa40446000 	C:\Windows\SYSTEM32\ntdll.dll
0x00007ffa3e010000 - 0x00007ffa3e0d4000 	C:\Windows\System32\KERNEL32.DLL
0x00007ffa3d6a0000 - 0x00007ffa3da47000 	C:\Windows\System32\KERNELBASE.dll
0x00007ffa3dd80000 - 0x00007ffa3de91000 	C:\Windows\System32\ucrtbase.dll
0x00007ffa25870000 - 0x00007ffa25887000 	C:\eclipse\plugins\org.eclipse.justj.openjdk.hotspot.jre.full.win32.x86_64_17.0.6.v20230204-1729\jre\bin\jli.dll
0x00007ffa25850000 - 0x00007ffa25869000 	C:\eclipse\plugins\org.eclipse.justj.openjdk.hotspot.jre.full.win32.x86_64_17.0.6.v20230204-1729\jre\bin\VCRUNTIME140.dll
0x00007ffa3faf0000 - 0x00007ffa3fc9e000 	C:\Windows\System32\USER32.dll
0x00007ffa3db40000 - 0x00007ffa3db66000 	C:\Windows\System32\win32u.dll
0x00007ffa3f760000 - 0x00007ffa3f789000 	C:\Windows\System32\GDI32.dll
0x00007ffa16d50000 - 0x00007ffa16fe3000 	C:\Windows\WinSxS\amd64_microsoft.windows.common-controls_6595b64144ccf1df_6.0.22621.3235_none_270f74e173860f98\COMCTL32.dll
0x00007ffa3d550000 - 0x00007ffa3d669000 	C:\Windows\System32\gdi32full.dll
0x00007ffa3df60000 - 0x00007ffa3e007000 	C:\Windows\System32\msvcrt.dll
0x00007ffa3dce0000 - 0x00007ffa3dd7a000 	C:\Windows\System32\msvcp_win.dll
0x00007ffa3fa20000 - 0x00007ffa3fa51000 	C:\Windows\System32\IMM32.DLL
0x00007ffa38200000 - 0x00007ffa3820c000 	C:\eclipse\plugins\org.eclipse.justj.openjdk.hotspot.jre.full.win32.x86_64_17.0.6.v20230204-1729\jre\bin\vcruntime140_1.dll
0x00007ff9f7a90000 - 0x00007ff9f7b21000 	C:\eclipse\plugins\org.eclipse.justj.openjdk.hotspot.jre.full.win32.x86_64_17.0.6.v20230204-1729\jre\bin\msvcp140.dll
0x00007ff9bcae0000 - 0x00007ff9bd727000 	C:\eclipse\plugins\org.eclipse.justj.openjdk.hotspot.jre.full.win32.x86_64_17.0.6.v20230204-1729\jre\bin\server\jvm.dll
0x00007ffa3fca0000 - 0x00007ffa3fd52000 	C:\Windows\System32\ADVAPI32.dll
0x00007ffa3f920000 - 0x00007ffa3f9c8000 	C:\Windows\System32\sechost.dll
0x00007ffa3d670000 - 0x00007ffa3d698000 	C:\Windows\System32\bcrypt.dll
0x00007ffa3f420000 - 0x00007ffa3f535000 	C:\Windows\System32\RPCRT4.dll
0x00007ff9bd730000 - 0x00007ff9bd739000 	C:\Windows\SYSTEM32\WSOCK32.dll
0x00007ffa3e0f0000 - 0x00007ffa3e161000 	C:\Windows\System32\WS2_32.dll
0x00007ffa30420000 - 0x00007ffa3042a000 	C:\Windows\SYSTEM32\VERSION.dll
0x00007ffa342e0000 - 0x00007ffa34314000 	C:\Windows\SYSTEM32\WINMM.dll
0x00007ffa3c640000 - 0x00007ffa3c658000 	C:\Windows\SYSTEM32\kernel.appcore.dll
0x00007ffa381c0000 - 0x00007ffa381ca000 	C:\eclipse\plugins\org.eclipse.justj.openjdk.hotspot.jre.full.win32.x86_64_17.0.6.v20230204-1729\jre\bin\jimage.dll
0x00007ffa3ad60000 - 0x00007ffa3af93000 	C:\Windows\SYSTEM32\DBGHELP.DLL
0x00007ffa3ed80000 - 0x00007ffa3f108000 	C:\Windows\System32\combase.dll
0x00007ffa3f290000 - 0x00007ffa3f367000 	C:\Windows\System32\OLEAUT32.dll
0x00007ffa2c0e0000 - 0x00007ffa2c112000 	C:\Windows\SYSTEM32\dbgcore.DLL
0x00007ffa3dac0000 - 0x00007ffa3db39000 	C:\Windows\System32\bcryptPrimitives.dll
0x00007ffa257c0000 - 0x00007ffa257e5000 	C:\eclipse\plugins\org.eclipse.justj.openjdk.hotspot.jre.full.win32.x86_64_17.0.6.v20230204-1729\jre\bin\java.dll

dbghelp: loaded successfully - version: 4.0.5 - missing functions: none
symbol engine: initialized successfully - sym options: 0x614 - pdb path: .;C:\eclipse\plugins\org.eclipse.justj.openjdk.hotspot.jre.full.win32.x86_64_17.0.6.v20230204-1729\jre\bin;C:\Windows\SYSTEM32;C:\Windows\WinSxS\amd64_microsoft.windows.common-controls_6595b64144ccf1df_6.0.22621.3235_none_270f74e173860f98;C:\eclipse\plugins\org.eclipse.justj.openjdk.hotspot.jre.full.win32.x86_64_17.0.6.v20230204-1729\jre\bin\server

VM Arguments:
jvm_args: -Dfile.encoding=UTF-8 -XX:+ShowCodeDetailsInExceptionMessages 
java_command: hw2.ControlFlow_2
java_class_path (initial): C:\TIA102_Workspace\TA10214-Homework\bin
Launcher Type: SUN_STANDARD

[Global flags]
     intx CICompilerCount                          = 12                                        {product} {ergonomic}
     uint ConcGCThreads                            = 3                                         {product} {ergonomic}
     uint G1ConcRefinementThreads                  = 13                                        {product} {ergonomic}
   size_t G1HeapRegionSize                         = 4194304                                   {product} {ergonomic}
    uintx GCDrainStackTargetSize                   = 64                                        {product} {ergonomic}
   size_t InitialHeapSize                          = 532676608                                 {product} {ergonomic}
   size_t MarkStackSize                            = 4194304                                   {product} {ergonomic}
   size_t MaxHeapSize                              = 8514437120                                {product} {ergonomic}
   size_t MinHeapDeltaBytes                        = 4194304                                   {product} {ergonomic}
   size_t MinHeapSize                              = 8388608                                   {product} {ergonomic}
    uintx NonNMethodCodeHeapSize                   = 7602480                                {pd product} {ergonomic}
    uintx NonProfiledCodeHeapSize                  = 122027880                              {pd product} {ergonomic}
    uintx ProfiledCodeHeapSize                     = 122027880                              {pd product} {ergonomic}
    uintx ReservedCodeCacheSize                    = 251658240                              {pd product} {ergonomic}
     bool SegmentedCodeCache                       = true                                      {product} {ergonomic}
     bool ShowCodeDetailsInExceptionMessages       = true                                   {manageable} {command line}
   size_t SoftMaxHeapSize                          = 8514437120                             {manageable} {ergonomic}
     bool UseCompressedClassPointers               = true                           {product lp64_product} {ergonomic}
     bool UseCompressedOops                        = true                           {product lp64_product} {ergonomic}
     bool UseG1GC                                  = true                                      {product} {ergonomic}
     bool UseLargePagesIndividualAllocation        = false                                  {pd product} {ergonomic}

Logging:
Log output configuration:
 #0: stdout all=warning uptime,level,tags
 #1: stderr all=off uptime,level,tags

Environment Variables:
JAVA_HOME=C:\jdk-17.0.6
CLASSPATH=.;
PATH=C:/eclipse//plugins/org.eclipse.justj.openjdk.hotspot.jre.full.win32.x86_64_17.0.6.v20230204-1729/jre/bin/server;C:/eclipse//plugins/org.eclipse.justj.openjdk.hotspot.jre.full.win32.x86_64_17.0.6.v20230204-1729/jre/bin;C:\jdk-17.0.6\bin;C:\Program Files\Common Files\Oracle\Java\javapath;C:\Windows\system32;C:\Windows;C:\Windows\System32\Wbem;C:\Windows\System32\WindowsPowerShell\v1.0\;C:\Windows\System32\OpenSSH\;C:\Program Files\Bandizip\;C:\Program Files\Docker\Docker\resources\bin;C:\Program Files\Git\cmd;C:\Users\T14 Gen 3\AppData\Local\Microsoft\WindowsApps;C:\Users\T14 Gen 3\AppData\Local\Programs\Microsoft VS Code\bin;C:\eclipse;
USERNAME=T14 Gen 3
OS=Windows_NT
PROCESSOR_IDENTIFIER=Intel64 Family 6 Model 154 Stepping 3, GenuineIntel
TMP=C:\Users\T14GEN~1\AppData\Local\Temp
TEMP=C:\Users\T14GEN~1\AppData\Local\Temp



---------------  S Y S T E M  ---------------

OS:
 Windows 11 , 64 bit Build 22621 (10.0.22621.3374)
OS uptime: 5 days 7:47 hours
Hyper-V role detected

CPU: total 16 (initial active 16) (8 cores per cpu, 2 threads per core) family 6 model 154 stepping 3 microcode 0x430, cx8, cmov, fxsr, ht, mmx, 3dnowpref, sse, sse2, sse3, ssse3, sse4.1, sse4.2, popcnt, lzcnt, tsc, tscinvbit, avx, avx2, aes, erms, clmul, bmi1, bmi2, adx, sha, fma, vzeroupper, clflush, clflushopt, clwb, hv

Memory: 4k page, system-wide physical 32465M (249M free)
TotalPageFile size 93105M (AvailPageFile size 274M)
current process WorkingSet (physical memory assigned to process): 11M, peak: 11M
current process commit charge ("private bytes"): 71M, peak: 578M

vm_info: OpenJDK 64-Bit Server VM (17.0.6+10) for windows-amd64 JRE (17.0.6+10), built on Jan 18 2023 10:08:59 by "temurin" with MS VC++ 16.7 (VS2019)

END.
